Change Component Designator: Old Designator=C1 New Designator=C3
Change Component Designator: Old Designator=C2 New Designator=C4
Change Component Designator: Old Designator=C3 New Designator=C5
Change Component Designator: Old Designator=C4 New Designator=C12
Change Component Designator: Old Designator=C5 New Designator=C1
Change Component Designator: Old Designator=C New Designator=C2
Change Component Designator: Old Designator=EXT1 New Designator=EXT3
Change Component Designator: Old Designator=EXT3 New Designator=EXT1
Change Component Designator: Old Designator=J4 New Designator=J1
Change Component Designator: Old Designator=J5 New Designator=J2
Change Component Designator: Old Designator=R1 New Designator=R10
Change Component Designator: Old Designator=R2 New Designator=R1
Change Component Designator: Old Designator=R2 New Designator=R5
Change Component Designator: Old Designator=R3 New Designator=R2
Change Component Designator: Old Designator=R3 New Designator=R6
Change Component Designator: Old Designator=R4 New Designator=R3
Change Component Designator: Old Designator=R4 New Designator=R7
Change Component Designator: Old Designator=R5 New Designator=R4
Change Component Designator: Old Designator=R5 New Designator=R8
Change Component Designator: Old Designator=R6 New Designator=R9
Change Component Designator: Old Designator=RX New Designator=RX1
Change Component Designator: Old Designator=TX New Designator=TX1
Change Component Designator: Old Designator=U1 New Designator=U2
Change Component Designator: Old Designator=U2 New Designator=U1
