Added Component: Designator=C(C0603)
Add component. Clean all parameters for all variants
Add component (AddParameter): Name = "Value"; Value = "100nF"; VariantName = "[No Variations]"
Added Component: Designator=C(C0603)
Add component. Clean all parameters for all variants
Add component (AddParameter): Name = "Value"; Value = "100nF"; VariantName = "[No Variations]"
Added Component: Designator=C(C0603)
Add component. Clean all parameters for all variants
Add component (AddParameter): Name = "Value"; Value = "100nF"; VariantName = "[No Variations]"
Added Component: Designator=C(C0603)
Add component. Clean all parameters for all variants
Add component (AddParameter): Name = "Value"; Value = "100nF"; VariantName = "[No Variations]"
Added Component: Designator=R(R0603)
Add component. Clean all parameters for all variants
Add component (AddParameter): Name = "Value"; Value = "100R"; VariantName = "[No Variations]"
Added Pin To Net: NetName=GND Pin=C-1
Added Pin To Net: NetName=GND Pin=C-1
Added Pin To Net: NetName=GND Pin=C-1
Added Pin To Net: NetName=GND Pin=C-1
Added Pin To Net: NetName=+5V Pin=J-8
Added Pin To Net: NetName=GND Pin=J-10
Added Pin To Net: NetName=GND Pin=SW-3
Added Pin To Net: NetName=GND Pin=SW-4
Added Pin To Net: NetName=USB_TXD Pin=U-4
Added Pin To Net: NetName=USB_RXD Pin=U-5
Added Pin To Net: NetName=GND Pin=U-15
Added Pin To Net: NetName=GND Pin=U-29
Added Pin To Net: NetName=GND Pin=U-43
Added Pin To Net: NetName=NetR_1 Pin=R-1
Added Pin To Net: NetName=NetR_1 Pin=U-40
Added Net: Name=NetR_1
Added Pin To Net: NetName=UPDI Pin=J-7
Added Pin To Net: NetName=UPDI Pin=U-41
Added Net: Name=UPDI
Added Member To Class: ClassName=Xenon Member=Component C 02016D104KAT2A
Added Member To Class: ClassName=Xenon Member=Component C 02016D104KAT2A
Added Member To Class: ClassName=Xenon Member=Component C 02016D104KAT2A
Added Member To Class: ClassName=Xenon Member=Component C 02016D104KAT2A
Added Member To Class: ClassName=Xenon Member=Component C 02016D104KAT2A
Added Member To Class: ClassName=Xenon Member=Component C 02016D104KAT2A
Added Member To Class: ClassName=Xenon Member=Component C 02016D104KAT2A
Added Member To Class: ClassName=Xenon Member=Component C 02016D104KAT2A
Added Member To Class: ClassName=Xenon Member=Component C 02016D104KAT2A
Added Member To Class: ClassName=Xenon Member=Component C 02016D104KAT2A
Added Member To Class: ClassName=Xenon Member=Component D LED Red
Added Member To Class: ClassName=Xenon Member=Component D LED Red
Added Member To Class: ClassName=Xenon Member=Component D LED Red
Added Member To Class: ClassName=Xenon Member=Component D LED Red
Added Member To Class: ClassName=Xenon Member=Component D LED Red
Added Member To Class: ClassName=Xenon Member=Component D LED Red
Added Member To Class: ClassName=Xenon Member=Component J USB micro
Added Member To Class: ClassName=Xenon Member=Component J Header
Added Member To Class: ClassName=Xenon Member=Component J Header 2x3
Added Member To Class: ClassName=Xenon Member=Component J Header
Added Member To Class: ClassName=Xenon Member=Component R CPF-A-0603B100KE1
Added Member To Class: ClassName=Xenon Member=Component R CPF-A-0603B100KE1
Added Member To Class: ClassName=Xenon Member=Component R CPF-A-0603B100KE1
Added Member To Class: ClassName=Xenon Member=Component R CPF-A-0603B100KE1
Added Member To Class: ClassName=Xenon Member=Component U FTDI
Added Room: Name=Xenon
