Change Component Designator: OldDesignator=C NewDesignator=C1
Change Component Designator: OldDesignator=C NewDesignator=C2
Change Component Designator: OldDesignator=C NewDesignator=C3
Change Component Designator: OldDesignator=C NewDesignator=C4
Change Component Designator: OldDesignator=C NewDesignator=C5
Change Component Designator: OldDesignator=C NewDesignator=C6
Change Component Designator: OldDesignator=C NewDesignator=C7
Change Component Designator: OldDesignator=C NewDesignator=C8
Change Component Designator: OldDesignator=C NewDesignator=C9
Change Component Designator: OldDesignator=C NewDesignator=C10
Change Component Designator: OldDesignator=C NewDesignator=C11
Change Component Designator: OldDesignator=D NewDesignator=D1
Change Component Designator: OldDesignator=D NewDesignator=D2
Change Component Designator: OldDesignator=D NewDesignator=D3
Change Component Designator: OldDesignator=D NewDesignator=D4
Change Component Designator: OldDesignator=D NewDesignator=D5
Change Component Designator: OldDesignator=D NewDesignator=D6
Change Component Designator: OldDesignator=D NewDesignator=D7
Change Component Designator: OldDesignator=J NewDesignator=J1
Change Component Designator: OldDesignator=J NewDesignator=J2
Change Component Designator: OldDesignator=J NewDesignator=J3
Change Component Designator: OldDesignator=J NewDesignator=J4
Change Component Designator: OldDesignator=J NewDesignator=J5
Change Component Designator: OldDesignator=R NewDesignator=R1
Change Component Designator: OldDesignator=R NewDesignator=R2
Change Component Designator: OldDesignator=R NewDesignator=R3
Change Component Designator: OldDesignator=R NewDesignator=R4
Change Component Designator: OldDesignator=R NewDesignator=R5
Change Component Designator: OldDesignator=SW NewDesignator=SW1
Change Component Designator: OldDesignator=U NewDesignator=U1
Change Component Designator: OldDesignator=U NewDesignator=U2
Change Net Name : Old Net Name=NetC_2 New Net Name=NetC11_2
Change Net Name : Old Net Name=NetD_1 New Net Name=NetD7_1
Change Net Name : Old Net Name=NetD_2 New Net Name=NetD6_2
Change Net Name : Old Net Name=NetR_1 New Net Name=NetR1_1
Change Net Name : Old Net Name=NetR_2 New Net Name=NetR3_2
Added Pin To Net: NetName=NetC1_2 Pin=C1-2
Added Pin To Net: NetName=NetC1_2 Pin=C2-2
Added Pin To Net: NetName=NetC1_2 Pin=C3-2
Added Pin To Net: NetName=NetC1_2 Pin=U1-14
Added Pin To Net: NetName=NetC1_2 Pin=U1-28
Added Pin To Net: NetName=NetC1_2 Pin=U1-42
Added Net: Name=NetC1_2
Added Pin To Net: NetName=NetC4_2 Pin=C4-2
Added Pin To Net: NetName=NetC4_2 Pin=R1-2
Added Pin To Net: NetName=NetC4_2 Pin=SW1-1
Added Pin To Net: NetName=NetC4_2 Pin=SW1-2
Added Net: Name=NetC4_2
Added Pin To Net: NetName=NetC6_2 Pin=C6-2
Added Pin To Net: NetName=NetC6_2 Pin=J4-3
Added Pin To Net: NetName=NetC6_2 Pin=R2-1
Added Net: Name=NetC6_2
Added Pin To Net: NetName=NetC7_2 Pin=C7-2
Added Pin To Net: NetName=NetC7_2 Pin=J4-2
Added Pin To Net: NetName=NetC7_2 Pin=R3-1
Added Net: Name=NetC7_2
Added Pin To Net: NetName=NetD6_1 Pin=D6-1
Added Pin To Net: NetName=NetD6_1 Pin=R4-1
Added Net: Name=NetD6_1
Added Pin To Net: NetName=NetD7_2 Pin=D7-2
Added Pin To Net: NetName=NetD7_2 Pin=U2-16
Added Net: Name=NetD7_2
Added Pin To Net: NetName=NetR2_2 Pin=R2-2
Added Pin To Net: NetName=NetR2_2 Pin=U2-8
Added Net: Name=NetR2_2
Added Member To Class: ClassName=Xenon Member=Component C1 02016D104KAT2A
Added Member To Class: ClassName=Xenon Member=Component C2 02016D104KAT2A
Added Member To Class: ClassName=Xenon Member=Component C3 02016D104KAT2A
Added Member To Class: ClassName=Xenon Member=Component C4 02016D104KAT2A
Added Member To Class: ClassName=Xenon Member=Component C5 02016D104KAT2A
Added Member To Class: ClassName=Xenon Member=Component C6 02016D104KAT2A
Added Member To Class: ClassName=Xenon Member=Component C7 02016D104KAT2A
Added Member To Class: ClassName=Xenon Member=Component C9 02016D104KAT2A
Added Member To Class: ClassName=Xenon Member=Component C10 02016D104KAT2A
Added Member To Class: ClassName=Xenon Member=Component C11 02016D104KAT2A
Added Member To Class: ClassName=Xenon Member=Component D1 LED Red
Added Member To Class: ClassName=Xenon Member=Component D2 LED Red
Added Member To Class: ClassName=Xenon Member=Component D3 LED Red
Added Member To Class: ClassName=Xenon Member=Component D4 LED Red
Added Member To Class: ClassName=Xenon Member=Component D5 LED Red
Added Member To Class: ClassName=Xenon Member=Component D6 LED Red
Added Member To Class: ClassName=Xenon Member=Component D7 LED Red
Added Member To Class: ClassName=Xenon Member=Component J1 Header
Added Member To Class: ClassName=Xenon Member=Component J2 Header
Added Member To Class: ClassName=Xenon Member=Component J3 Header
Added Member To Class: ClassName=Xenon Member=Component J4 USB micro
Added Member To Class: ClassName=Xenon Member=Component J5 Header 2x3
Added Member To Class: ClassName=Xenon Member=Component R1 CPF-A-0603B100KE1
Added Member To Class: ClassName=Xenon Member=Component R2 CPF-A-0603B100KE1
Added Member To Class: ClassName=Xenon Member=Component R4 CPF-A-0603B100KE1
Added Member To Class: ClassName=Xenon Member=Component R5 CPF-A-0603B100KE1
Added Member To Class: ClassName=Xenon Member=Component SW1 KSC222G LFS
Added Member To Class: ClassName=Xenon Member=Component U1 ATmega4809
Added Room: Name=Xenon
